[debug] [2026-07-11T06:38:14.054Z] ----------------------------------------------------------------------
[debug] [2026-07-11T06:38:14.055Z] Command:       C:\Program Files\nodejs\node.exe C:\Users\danie\AppData\Local\npm-cache\_npx\7750544ccf494d8b\node_modules\firebase-tools\lib\bin\firebase.js hosting:channel:deploy live --project interviewforge-auth-37599 --only hosting
[debug] [2026-07-11T06:38:14.056Z] CLI Version:   15.23.0
[debug] [2026-07-11T06:38:14.056Z] Platform:      win32
[debug] [2026-07-11T06:38:14.056Z] Node Version:  v24.18.0
[debug] [2026-07-11T06:38:14.056Z] Detected Agent: unknown
[debug] [2026-07-11T06:38:14.056Z] Time:          Sat Jul 11 2026 00:38:14 GMT-0600 (Mountain Daylight Time)
[debug] [2026-07-11T06:38:14.056Z] ----------------------------------------------------------------------
[debug] 
[debug] [2026-07-11T06:38:14.066Z] >>> [apiv2][query] GET https://firebase-public.firebaseio.com/cli.json [none]
[debug] [2026-07-11T06:38:17.415Z] > command requires scopes: ["email","openid","https://www.googleapis.com/auth/cloudplatformprojects.readonly","https://www.googleapis.com/auth/firebase","https://www.googleapis.com/auth/cloud-platform"]
[debug] [2026-07-11T06:38:17.415Z] > authorizing via FIREBASE_TOKEN environment variable
[warn] !  Authenticating with `FIREBASE_TOKEN` is deprecated and will be removed in a future major version of `firebase-tools`. Instead, use a service account key with `GOOGLE_APPLICATION_CREDENTIALS`: https://cloud.google.com/docs/authentication/getting-started 
[debug] [2026-07-11T06:38:17.416Z] [iam] checking project interviewforge-auth-37599 for permissions ["firebase.projects.get","firebasehosting.sites.update"]
[debug] [2026-07-11T06:38:17.416Z] No OAuth tokens found
[debug] [2026-07-11T06:38:17.417Z] No OAuth tokens found
[debug] [2026-07-11T06:38:17.417Z] > refreshing access token with scopes: []
[debug] [2026-07-11T06:38:17.418Z] >>> [apiv2][query] POST https://www.googleapis.com/oauth2/v3/token [none]
[debug] [2026-07-11T06:38:17.418Z] >>> [apiv2][body] POST https://www.googleapis.com/oauth2/v3/token [omitted]
[debug] [2026-07-11T06:38:17.493Z] <<< [apiv2][status] GET https://firebase-public.firebaseio.com/cli.json 200
[debug] [2026-07-11T06:38:17.493Z] <<< [apiv2][body] GET https://firebase-public.firebaseio.com/cli.json {"cloudBuildErrorAfter":1594252800000,"cloudBuildWarnAfter":1590019200000,"defaultNode10After":1594252800000,"minVersion":"3.0.5","node8DeploysDisabledAfter":1613390400000,"node8RuntimeDisabledAfter":1615809600000,"node8WarnAfter":1600128000000}
[debug] [2026-07-11T06:38:17.514Z] <<< [apiv2][status] POST https://www.googleapis.com/oauth2/v3/token 401
[debug] [2026-07-11T06:38:17.515Z] <<< [apiv2][body] POST https://www.googleapis.com/oauth2/v3/token [omitted]
[debug] [2026-07-11T06:38:17.515Z] >>> [apiv2][query] POST https://cloudresourcemanager.googleapis.com/v1/projects/interviewforge-auth-37599:testIamPermissions [none]
[debug] [2026-07-11T06:38:17.515Z] >>> [apiv2][(partial)header] POST https://cloudresourcemanager.googleapis.com/v1/projects/interviewforge-auth-37599:testIamPermissions  x-goog-user-project=interviewforge-auth-37599
[debug] [2026-07-11T06:38:17.515Z] >>> [apiv2][body] POST https://cloudresourcemanager.googleapis.com/v1/projects/interviewforge-auth-37599:testIamPermissions {"permissions":["firebase.projects.get","firebasehosting.sites.update"]}
[debug] [2026-07-11T06:38:17.667Z] <<< [apiv2][status] POST https://cloudresourcemanager.googleapis.com/v1/projects/interviewforge-auth-37599:testIamPermissions 200
[debug] [2026-07-11T06:38:17.667Z] <<< [apiv2][body] POST https://cloudresourcemanager.googleapis.com/v1/projects/interviewforge-auth-37599:testIamPermissions {"permissions":["firebase.projects.get","firebasehosting.sites.update"]}
[debug] [2026-07-11T06:38:17.668Z] No OAuth tokens found
[debug] [2026-07-11T06:38:17.669Z] No OAuth tokens found
[debug] [2026-07-11T06:38:17.669Z] > refreshing access token with scopes: []
[debug] [2026-07-11T06:38:17.669Z] >>> [apiv2][query] POST https://www.googleapis.com/oauth2/v3/token [none]
[debug] [2026-07-11T06:38:17.669Z] >>> [apiv2][body] POST https://www.googleapis.com/oauth2/v3/token [omitted]
[debug] [2026-07-11T06:38:17.707Z] <<< [apiv2][status] POST https://www.googleapis.com/oauth2/v3/token 401
[debug] [2026-07-11T06:38:17.708Z] <<< [apiv2][body] POST https://www.googleapis.com/oauth2/v3/token [omitted]
[debug] [2026-07-11T06:38:17.708Z] >>> [apiv2][query] GET https://firebase.googleapis.com/v1beta1/projects/interviewforge-auth-37599 [none]
[debug] [2026-07-11T06:38:17.810Z] <<< [apiv2][status] GET https://firebase.googleapis.com/v1beta1/projects/interviewforge-auth-37599 403
[debug] [2026-07-11T06:38:17.810Z] <<< [apiv2][body] GET https://firebase.googleapis.com/v1beta1/projects/interviewforge-auth-37599 {"error":{"code":403,"message":"Your application is authenticating by using local Application Default Credentials. The firebase.googleapis.com API requires a quota project, which is not set by default. To learn how to set your quota project, see https://cloud.google.com/docs/authentication/adc-troubleshooting/user-creds .","status":"PERMISSION_DENIED","details":[{"@type":"type.googleapis.com/google.rpc.ErrorInfo","reason":"SERVICE_DISABLED","domain":"googleapis.com","metadata":{"consumer":"projects/32555940559","service":"firebase.googleapis.com"}},{"@type":"type.googleapis.com/google.rpc.LocalizedMessage","locale":"en-US","message":"Your application is authenticating by using local Application Default Credentials. The firebase.googleapis.com API requires a quota project, which is not set by default. To learn how to set your quota project, see https://cloud.google.com/docs/authentication/adc-troubleshooting/user-creds ."}]}}
[debug] [2026-07-11T06:38:17.811Z] Request to https://firebase.googleapis.com/v1beta1/projects/interviewforge-auth-37599 had HTTP Error: 403, Your application is authenticating by using local Application Default Credentials. The firebase.googleapis.com API requires a quota project, which is not set by default. To learn how to set your quota project, see https://cloud.google.com/docs/authentication/adc-troubleshooting/user-creds .
[debug] [2026-07-11T06:38:17.812Z] FirebaseError: Request to https://firebase.googleapis.com/v1beta1/projects/interviewforge-auth-37599 had HTTP Error: 403, Your application is authenticating by using local Application Default Credentials. The firebase.googleapis.com API requires a quota project, which is not set by default. To learn how to set your quota project, see https://cloud.google.com/docs/authentication/adc-troubleshooting/user-creds .
    at responseToError (C:\Users\danie\AppData\Local\npm-cache\_npx\7750544ccf494d8b\node_modules\firebase-tools\lib\responseToError.js:53:12)
    at RetryOperation._fn (C:\Users\danie\AppData\Local\npm-cache\_npx\7750544ccf494d8b\node_modules\firebase-tools\lib\apiv2.js:415:77)
    at process.processTicksAndRejections (node:internal/process/task_queues:104:5)
[error] 
[error] Error: Failed to get Firebase project interviewforge-auth-37599. Please make sure the project exists and your account has permission to access it.
